app/build/outputs/logs/manifest-merger-debug-report.txt
-- Merging decision tree log ---
manifest
ADDED from AndroidManifest.xml:1:1
	xmlns:android
		ADDED from AndroidManifest.xml:1:11
	package
		ADDED from AndroidManifest.xml:1:70
		INJECTED from AndroidManifest.xml:0:0
		INJECTED from AndroidManifest.xml:0:0
	android:versionName
		INJECTED from AndroidManifest.xml:0:0
		INJECTED from AndroidManifest.xml:0:0
	android:versionCode
		INJECTED from AndroidManifest.xml:0:0
		INJECTED from AndroidManifest.xml:0:0
application
ADDED from AndroidManifest.xml:3:5
MERGED from com.android.support:appcompat-v7:21.0.3:16:5
MERGED from com.android.support:support-v4:21.0.3:16:5
MERGED from com.github.satyan:sugar:1.3:11:5
	android:label
		ADDED from AndroidManifest.xml:3:45
	android:allowBackup
		ADDED from AndroidManifest.xml:3:18
	android:icon
		ADDED from com.github.satyan:sugar:1.3:13:9
meta-data#DATABASE
ADDED from AndroidManifest.xml:5:9
	android:name
		ADDED from AndroidManifest.xml:5:20
	android:value
		ADDED from AndroidManifest.xml:5:44
meta-data#VERSION
ADDED from AndroidManifest.xml:6:9
	android:name
		ADDED from AndroidManifest.xml:6:20
	android:value
		ADDED from AndroidManifest.xml:6:43
meta-data#QUERY_LOG
ADDED from AndroidManifest.xml:7:9
	android:name
		ADDED from AndroidManifest.xml:7:20
	android:value
		ADDED from AndroidManifest.xml:7:45
meta-data#DOMAIN_PACKAGE_NAME
ADDED from AndroidManifest.xml:8:9
	android:name
		ADDED from AndroidManifest.xml:8:20
	android:value
		ADDED from AndroidManifest.xml:8:55
uses-sdk
INJECTED from AndroidManifest.xml:0:0 reason: use-sdk injection requested
MERGED from com.android.support:appcompat-v7:21.0.3:15:5
MERGED from com.android.support:support-v4:21.0.3:15:5
MERGED from com.github.satyan:sugar:1.3:7:5
	android:targetSdkVersion
		INJECTED from AndroidManifest.xml:0:0
		INJECTED from AndroidManifest.xml:0:0
	android:minSdkVersion
		INJECTED from AndroidManifest.xml:0:0
		INJECTED from AndroidManifest.xml:0:0